<?xml version="1.0" encoding="UTF-8"?>
<!-- Generated by org.testng.reporters.JUnitReportReporter -->
<testsuite hostname="ACAC01C2.ipt.aol.com" name="com.procurement.controller.httptest.UploadDiff_HttpTest" tests="2" failures="1" timestamp="27 Jul 2017 11:39:01 GMT" time="0.026" errors="0">
  <testcase name="UploadDiff_testCase2" time="0.013" classname="com.procurement.controller.httptest.UploadDiff_HttpTest">
    <failure type="java.lang.AssertionError" message="接口返回的entry不为&#039;null&#039;.......... expected [{&quot;modifyTime&quot;:&quot;2017-07-27 19:39:00&quot;,&quot;list&quot;:[{&quot;matterUrl&quot;:&quot;assets/voice/07/20/n_1500531565405_1720.mp3&quot;,&quot;gmtModify&quot;:null,&quot;spu&quot;:&quot;&quot;,&quot;id&quot;:28,&quot;gmtCreate&quot;:&quot;2017-07-27 19:39:00&quot;,&quot;matterId&quot;:62}]}] but found [null]">
      <![CDATA[java.lang.AssertionError: 接口返回的entry不为'null'.......... expected [{"modifyTime":"2017-07-27 19:39:00","list":[{"matterUrl":"assets/voice/07/20/n_1500531565405_1720.mp3","gmtModify":null,"spu":"","id":28,"gmtCreate":"2017-07-27 19:39:00","matterId":62}]}] but found [null]
	at org.testng.Assert.fail(Assert.java:94)
	at org.testng.Assert.failNotEquals(Assert.java:513)
	at org.testng.Assert.assertEqualsImpl(Assert.java:135)
	at org.testng.Assert.assertEquals(Assert.java:116)
	at org.testng.Assert.assertEquals(Assert.java:190)
	at com.procurement.controller.httptest.UploadDiff_HttpTest.UploadDiff_testCase2(UploadDiff_HttpTest.java:50)
	at sun.reflect.NativeMethodAccessorImpl.invoke0(Native Method)
	at sun.reflect.NativeMethodAccessorImpl.invoke(NativeMethodAccessorImpl.java:62)
	at sun.reflect.DelegatingMethodAccessorImpl.invoke(DelegatingMethodAccessorImpl.java:43)
	at java.lang.reflect.Method.invoke(Method.java:498)
	at org.testng.internal.MethodInvocationHelper.invokeMethod(MethodInvocationHelper.java:86)
	at org.testng.internal.Invoker.invokeMethod(Invoker.java:643)
	at org.testng.internal.Invoker.invokeTestMethod(Invoker.java:820)
	at org.testng.internal.Invoker.invokeTestMethods(Invoker.java:1128)
	at org.testng.internal.TestMethodWorker.invokeTestMethods(TestMethodWorker.java:129)
	at org.testng.internal.TestMethodWorker.run(TestMethodWorker.java:112)
	at org.testng.TestRunner.privateRun(TestRunner.java:782)
	at org.testng.TestRunner.run(TestRunner.java:632)
	at org.testng.SuiteRunner.runTest(SuiteRunner.java:366)
	at org.testng.SuiteRunner.runSequentially(SuiteRunner.java:361)
	at org.testng.SuiteRunner.privateRun(SuiteRunner.java:319)
	at org.testng.SuiteRunner.run(SuiteRunner.java:268)
	at org.testng.SuiteRunnerWorker.runSuite(SuiteRunnerWorker.java:52)
	at org.testng.SuiteRunnerWorker.run(SuiteRunnerWorker.java:86)
	at org.testng.TestNG.runSuitesSequentially(TestNG.java:1244)
	at org.testng.TestNG.runSuitesLocally(TestNG.java:1169)
	at org.testng.TestNG.run(TestNG.java:1064)
	at org.apache.maven.surefire.testng.TestNGExecutor.run(TestNGExecutor.java:122)
	at org.apache.maven.surefire.testng.TestNGXmlTestSuite.execute(TestNGXmlTestSuite.java:92)
	at org.apache.maven.surefire.testng.TestNGProvider.invoke(TestNGProvider.java:101)
	at sun.reflect.NativeMethodAccessorImpl.invoke0(Native Method)
	at sun.reflect.NativeMethodAccessorImpl.invoke(NativeMethodAccessorImpl.java:62)
	at sun.reflect.DelegatingMethodAccessorImpl.invoke(DelegatingMethodAccessorImpl.java:43)
	at java.lang.reflect.Method.invoke(Method.java:498)
	at org.apache.maven.surefire.util.ReflectionUtils.invokeMethodWithArray(ReflectionUtils.java:164)
	at org.apache.maven.surefire.booter.ProviderFactory$ProviderProxy.invoke(ProviderFactory.java:110)
	at org.apache.maven.surefire.booter.SurefireStarter.invokeProvider(SurefireStarter.java:172)
	at org.apache.maven.surefire.booter.SurefireStarter.runSuitesInProcessWhenForked(SurefireStarter.java:104)
	at org.apache.maven.surefire.booter.ForkedBooter.main(ForkedBooter.java:70)
]]>
    </failure>
  </testcase> <!-- UploadDiff_testCase2 -->
  <testcase name="UploadDiff_testCase1" time="0.013" classname="com.procurement.controller.httptest.UploadDiff_HttpTest"/>
</testsuite> <!-- com.procurement.controller.httptest.UploadDiff_HttpTest -->
