<?xml version="1.0" encoding="UTF-8"?>
<!-- Generated by org.testng.reporters.JUnitReportReporter -->
<testsuite hostname="ACAC01C2.ipt.aol.com" name="com.procurement.controller.httptest.SelectSpuByBarcode_HttpTest" tests="2" failures="0" timestamp="27 Jul 2017 11:39:01 GMT" time="1.548" errors="0">
  <testcase name="SelectSpuByBarcode_testCase2" time="0.942" classname="com.procurement.controller.httptest.SelectSpuByBarcode_HttpTest"/>
  <testcase name="SelectSpuByBarcode_testCase1" time="0.606" classname="com.procurement.controller.httptest.SelectSpuByBarcode_HttpTest"/>
</testsuite> <!-- com.procurement.controller.httptest.SelectSpuByBarcode_HttpTest -->
