<?xml version="1.0" encoding="UTF-8"?>
<!-- Generated by org.testng.reporters.JUnitReportReporter -->
<testsuite hostname="ACAC01C2.ipt.aol.com" name="com.procurement.controller.httptest.SelectSpuById_HttpTest" tests="2" failures="0" timestamp="27 Jul 2017 11:39:01 GMT" time="2.001" errors="0">
  <testcase name="selectSpuById_testcase2" time="1.987" classname="com.procurement.controller.httptest.SelectSpuById_HttpTest"/>
  <testcase name="selectSpuById_testCase1" time="0.014" classname="com.procurement.controller.httptest.SelectSpuById_HttpTest"/>
</testsuite> <!-- com.procurement.controller.httptest.SelectSpuById_HttpTest -->
