<?xml version="1.0" encoding="UTF-8"?>
<!-- Generated by org.testng.reporters.JUnitReportReporter -->
<testsuite hostname="ACAC01C2.ipt.aol.com" name="com.procurement.controller.httptest.SelectActivityList_HttpTest" tests="3" failures="0" timestamp="27 Jul 2017 11:39:01 GMT" time="0.713" errors="0">
  <testcase name="selectActivityList_testCase2" time="0.031" classname="com.procurement.controller.httptest.SelectActivityList_HttpTest"/>
  <testcase name="selectActivityList_testCase3" time="0.013" classname="com.procurement.controller.httptest.SelectActivityList_HttpTest"/>
  <testcase name="selectActivityList_testCase1" time="0.669" classname="com.procurement.controller.httptest.SelectActivityList_HttpTest"/>
</testsuite> <!-- com.procurement.controller.httptest.SelectActivityList_HttpTest -->
