<?xml version="1.0" encoding="UTF-8"?>
<!-- Generated by org.testng.reporters.JUnitReportReporter -->
<testsuite hostname="ACAC01C2.ipt.aol.com" name="com.procurement.controller.httptest.IsPlay_HttpTest" tests="2" failures="0" timestamp="27 Jul 2017 11:39:01 GMT" time="0.219" errors="0">
  <testcase name="IsPlay_testCase1" time="0.012" classname="com.procurement.controller.httptest.IsPlay_HttpTest"/>
  <testcase name="IsPlay_testCase2" time="0.207" classname="com.procurement.controller.httptest.IsPlay_HttpTest"/>
</testsuite> <!-- com.procurement.controller.httptest.IsPlay_HttpTest -->
