<?xml version="1.0" encoding="UTF-8"?>
<!-- Generated by org.testng.reporters.JUnitReportReporter -->
<testsuite hostname="ACAC01C2.ipt.aol.com" name="com.procurement.controller.httptest.SelectMaterialList_HttpTest" tests="3" failures="0" timestamp="27 Jul 2017 11:39:01 GMT" time="0.279" errors="0">
  <testcase name="selectMaterialList_testCase3" time="0.030" classname="com.procurement.controller.httptest.SelectMaterialList_HttpTest"/>
  <testcase name="selectMaterialList_testCase1" time="0.231" classname="com.procurement.controller.httptest.SelectMaterialList_HttpTest"/>
  <testcase name="selectMaterialList_testCase2" time="0.018" classname="com.procurement.controller.httptest.SelectMaterialList_HttpTest"/>
</testsuite> <!-- com.procurement.controller.httptest.SelectMaterialList_HttpTest -->
