<?xml version="1.0" encoding="UTF-8"?>
<!-- Generated by org.testng.reporters.JUnitReportReporter -->
<testsuite hostname="ACAC01C2.ipt.aol.com" name="com.shop.controller.httptest.CreateShop_HttpTest" tests="2" failures="0" timestamp="27 Jul 2017 11:39:01 GMT" time="1.572" errors="0">
  <testcase name="createShop_TestCase2" time="0.020" classname="com.shop.controller.httptest.CreateShop_HttpTest"/>
  <testcase name="createShop_TestCase1" time="1.552" classname="com.shop.controller.httptest.CreateShop_HttpTest"/>
</testsuite> <!-- com.shop.controller.httptest.CreateShop_HttpTest -->
