<?xml version="1.0" encoding="UTF-8"?>
<!-- Generated by org.testng.reporters.JUnitReportReporter -->
<testsuite hostname="ACAC01C2.ipt.aol.com" name="com.procurement.controller.httptest.DeleteMaterial_HttpTest" tests="2" failures="0" timestamp="27 Jul 2017 11:39:01 GMT" time="0.408" errors="0">
  <testcase name="DeleteMaterial_testCase2" time="0.025" classname="com.procurement.controller.httptest.DeleteMaterial_HttpTest"/>
  <testcase name="DeleteMaterial_testCase1" time="0.383" classname="com.procurement.controller.httptest.DeleteMaterial_HttpTest"/>
</testsuite> <!-- com.procurement.controller.httptest.DeleteMaterial_HttpTest -->
